C:\USERS\PASTERZM\DESKTOP\C++\SFML\DEBUG\SFML.EXE
C:\USERS\PASTERZM\DESKTOP\C++\SFML\DEBUG\SFML.ILK
C:\USERS\PASTERZM\DESKTOP\C++\SFML\DEBUG\SFML.PDB
C:\Users\PasterzM\Desktop\C++\SFML\SFML\Debug\cl.command.1.tlog
C:\Users\PasterzM\Desktop\C++\SFML\SFML\Debug\CL.read.1.tlog
C:\Users\PasterzM\Desktop\C++\SFML\SFML\Debug\CL.write.1.tlog
C:\USERS\PASTERZM\DESKTOP\C++\SFML\SFML\DEBUG\ENGINE.OBJ
C:\USERS\PASTERZM\DESKTOP\C++\SFML\SFML\DEBUG\GAME.OBJ
C:\Users\PasterzM\Desktop\C++\SFML\SFML\Debug\link.21324.read.1.tlog
C:\Users\PasterzM\Desktop\C++\SFML\SFML\Debug\link.21324.write.1.tlog
C:\Users\PasterzM\Desktop\C++\SFML\SFML\Debug\link.21324-cvtres.read.1.tlog
C:\Users\PasterzM\Desktop\C++\SFML\SFML\Debug\link.21324-cvtres.write.1.tlog
C:\Users\PasterzM\Desktop\C++\SFML\SFML\Debug\link.22508.read.1.tlog
C:\Users\PasterzM\Desktop\C++\SFML\SFML\Debug\link.22508.write.1.tlog
C:\Users\PasterzM\Desktop\C++\SFML\SFML\Debug\link.22508-cvtres.read.1.tlog
C:\Users\PasterzM\Desktop\C++\SFML\SFML\Debug\link.22508-cvtres.write.1.tlog
C:\Users\PasterzM\Desktop\C++\SFML\SFML\Debug\link.22592.read.1.tlog
C:\Users\PasterzM\Desktop\C++\SFML\SFML\Debug\link.22592.write.1.tlog
C:\Users\PasterzM\Desktop\C++\SFML\SFML\Debug\link.22592-cvtres.read.1.tlog
C:\Users\PasterzM\Desktop\C++\SFML\SFML\Debug\link.22592-cvtres.write.1.tlog
C:\Users\PasterzM\Desktop\C++\SFML\SFML\Debug\link.23820.read.1.tlog
C:\Users\PasterzM\Desktop\C++\SFML\SFML\Debug\link.23820.write.1.tlog
C:\Users\PasterzM\Desktop\C++\SFML\SFML\Debug\link.23820-cvtres.read.1.tlog
C:\Users\PasterzM\Desktop\C++\SFML\SFML\Debug\link.23820-cvtres.write.1.tlog
C:\Users\PasterzM\Desktop\C++\SFML\SFML\Debug\link.34200.read.1.tlog
C:\Users\PasterzM\Desktop\C++\SFML\SFML\Debug\link.34200.write.1.tlog
C:\Users\PasterzM\Desktop\C++\SFML\SFML\Debug\link.34200-cvtres.read.1.tlog
C:\Users\PasterzM\Desktop\C++\SFML\SFML\Debug\link.34200-cvtres.write.1.tlog
C:\Users\PasterzM\Desktop\C++\SFML\SFML\Debug\link.4596.read.1.tlog
C:\Users\PasterzM\Desktop\C++\SFML\SFML\Debug\link.4596.write.1.tlog
C:\Users\PasterzM\Desktop\C++\SFML\SFML\Debug\link.4596-cvtres.read.1.tlog
C:\Users\PasterzM\Desktop\C++\SFML\SFML\Debug\link.4596-cvtres.write.1.tlog
C:\Users\PasterzM\Desktop\C++\SFML\SFML\Debug\link.4784.read.1.tlog
C:\Users\PasterzM\Desktop\C++\SFML\SFML\Debug\link.4784.write.1.tlog
C:\Users\PasterzM\Desktop\C++\SFML\SFML\Debug\link.4784-cvtres.read.1.tlog
C:\Users\PasterzM\Desktop\C++\SFML\SFML\Debug\link.4784-cvtres.write.1.tlog
C:\Users\PasterzM\Desktop\C++\SFML\SFML\Debug\link.5484.read.1.tlog
C:\Users\PasterzM\Desktop\C++\SFML\SFML\Debug\link.5484.write.1.tlog
C:\Users\PasterzM\Desktop\C++\SFML\SFML\Debug\link.5484-cvtres.read.1.tlog
C:\Users\PasterzM\Desktop\C++\SFML\SFML\Debug\link.5484-cvtres.write.1.tlog
C:\Users\PasterzM\Desktop\C++\SFML\SFML\Debug\link.6148.read.1.tlog
C:\Users\PasterzM\Desktop\C++\SFML\SFML\Debug\link.6148.write.1.tlog
C:\Users\PasterzM\Desktop\C++\SFML\SFML\Debug\link.6148-cvtres.read.1.tlog
C:\Users\PasterzM\Desktop\C++\SFML\SFML\Debug\link.6148-cvtres.write.1.tlog
C:\Users\PasterzM\Desktop\C++\SFML\SFML\Debug\link.7080.read.1.tlog
C:\Users\PasterzM\Desktop\C++\SFML\SFML\Debug\link.7080.write.1.tlog
C:\Users\PasterzM\Desktop\C++\SFML\SFML\Debug\link.7080-cvtres.read.1.tlog
C:\Users\PasterzM\Desktop\C++\SFML\SFML\Debug\link.7080-cvtres.write.1.tlog
C:\Users\PasterzM\Desktop\C++\SFML\SFML\Debug\link.command.1.tlog
C:\Users\PasterzM\Desktop\C++\SFML\SFML\Debug\link.read.1.tlog
C:\Users\PasterzM\Desktop\C++\SFML\SFML\Debug\link.write.1.tlog
C:\Users\PasterzM\Desktop\C++\SFML\SFML\Debug\link-cvtres.read.1.tlog
C:\Users\PasterzM\Desktop\C++\SFML\SFML\Debug\link-cvtres.write.1.tlog
C:\USERS\PASTERZM\DESKTOP\C++\SFML\SFML\DEBUG\MAIN_SOURCE.OBJ
C:\Users\PasterzM\Desktop\C++\SFML\SFML\Debug\mt.command.1.tlog
C:\Users\PasterzM\Desktop\C++\SFML\SFML\Debug\mt.read.1.tlog
C:\Users\PasterzM\Desktop\C++\SFML\SFML\Debug\mt.write.1.tlog
C:\USERS\PASTERZM\DESKTOP\C++\SFML\SFML\DEBUG\PLAYER.OBJ
C:\Users\PasterzM\Desktop\C++\SFML\SFML\Debug\rc.command.1.tlog
C:\Users\PasterzM\Desktop\C++\SFML\SFML\Debug\rc.read.1.tlog
C:\Users\PasterzM\Desktop\C++\SFML\SFML\Debug\rc.write.1.tlog
C:\USERS\PASTERZM\DESKTOP\C++\SFML\SFML\DEBUG\SFML.EXE.EMBED.MANIFEST
C:\USERS\PASTERZM\DESKTOP\C++\SFML\SFML\DEBUG\SFML.EXE.EMBED.MANIFEST.RES
C:\USERS\PASTERZM\DESKTOP\C++\SFML\SFML\DEBUG\SFML.EXE.INTERMEDIATE.MANIFEST
C:\Users\PasterzM\Desktop\C++\SFML\SFML\Debug\SFML.vcxprojResolveAssemblyReference.cache
C:\Users\PasterzM\Desktop\C++\SFML\SFML\Debug\SFML.write.1.tlog
C:\Users\PasterzM\Desktop\C++\SFML\SFML\Debug\SFML_manifest.rc
C:\Users\PasterzM\Desktop\C++\SFML\SFML\Debug\vc100.idb
C:\USERS\PASTERZM\DESKTOP\C++\SFML\SFML\DEBUG\VC100.PDB
