Build started 2015-03-28 18:36:46.
     1>Project "C:\Users\PasterzM\Desktop\C++\SFML\SFML\SFML.vcxproj" on node 2 (build target(s)).
     1>InitializeBuildStatus:
         Creating "Debug\SFML.unsuccessfulbuild" because "AlwaysCreate" was specified.
       ClCompile:
         C:\Program Files (x86)\Microsoft Visual Studio 10.0\VC\bin\CL.exe /c /ZI /nologo /W3 /WX- /Od /Oy- /D WIN32 /D _DEBUG /D _CONSOLE /D _UNICODE /D UNICODE /Gm /EHsc /RTC1 /MDd /GS /fp:precise /Zc:wchar_t /Zc:forScope /Fo"Debug\\" /Fd"Debug\vc100.pdb" /Gd /TP /analyze- /errorReport:prompt Engine.cpp Game.cpp main_source.cpp Player.cpp
         Player.cpp
     1>c:\users\pasterzm\desktop\c++\sfml\sfml\player.cpp(68): warning C4244: 'argument' : conversion from 'int' to 'float', possible loss of data
     1>c:\users\pasterzm\desktop\c++\sfml\sfml\player.cpp(73): warning C4244: '=' : conversion from 'int' to 'float', possible loss of data
     1>c:\users\pasterzm\desktop\c++\sfml\sfml\player.cpp(74): warning C4244: '=' : conversion from 'int' to 'float', possible loss of data
         Engine.cpp
     1>c:\users\pasterzm\desktop\c++\sfml\sfml\engine.cpp(22): warning C4244: 'argument' : conversion from 'int' to 'float', possible loss of data
         Generating Code...
         Compiling...
         Game.cpp
     1>c:\users\pasterzm\desktop\c++\sfml\sfml\game.cpp(48): warning C4996: 'fopen': This function or variable may be unsafe. Consider using fopen_s instead. To disable deprecation, use _CRT_SECURE_NO_WARNINGS. See online help for details.
                 c:\program files (x86)\microsoft visual studio 10.0\vc\include\stdio.h(234) : see declaration of 'fopen'
     1>c:\users\pasterzm\desktop\c++\sfml\sfml\game.cpp(59): warning C4996: 'fscanf': This function or variable may be unsafe. Consider using fscanf_s instead. To disable deprecation, use _CRT_SECURE_NO_WARNINGS. See online help for details.
                 c:\program files (x86)\microsoft visual studio 10.0\vc\include\stdio.h(253) : see declaration of 'fscanf'
     1>c:\users\pasterzm\desktop\c++\sfml\sfml\game.cpp(60): warning C4996: 'fscanf': This function or variable may be unsafe. Consider using fscanf_s instead. To disable deprecation, use _CRT_SECURE_NO_WARNINGS. See online help for details.
                 c:\program files (x86)\microsoft visual studio 10.0\vc\include\stdio.h(253) : see declaration of 'fscanf'
     1>c:\users\pasterzm\desktop\c++\sfml\sfml\game.cpp(61): warning C4996: 'fscanf': This function or variable may be unsafe. Consider using fscanf_s instead. To disable deprecation, use _CRT_SECURE_NO_WARNINGS. See online help for details.
                 c:\program files (x86)\microsoft visual studio 10.0\vc\include\stdio.h(253) : see declaration of 'fscanf'
     1>c:\users\pasterzm\desktop\c++\sfml\sfml\game.cpp(89): warning C4244: 'argument' : conversion from 'int' to 'float', possible loss of data
     1>c:\users\pasterzm\desktop\c++\sfml\sfml\game.cpp(89): warning C4244: 'argument' : conversion from 'int' to 'float', possible loss of data
     1>c:\users\pasterzm\desktop\c++\sfml\sfml\game.cpp(95): warning C4244: 'argument' : conversion from 'int' to 'float', possible loss of data
     1>c:\users\pasterzm\desktop\c++\sfml\sfml\game.cpp(95): warning C4244: 'argument' : conversion from 'int' to 'float', possible loss of data
     1>c:\users\pasterzm\desktop\c++\sfml\sfml\game.cpp(116): warning C4244: 'argument' : conversion from 'int' to 'float', possible loss of data
     1>c:\users\pasterzm\desktop\c++\sfml\sfml\game.cpp(116): warning C4244: 'argument' : conversion from 'int' to 'float', possible loss of data
         Generating Code...
         Skipping... (no relevant changes detected)
         main_source.cpp
       ManifestResourceCompile:
         All outputs are up-to-date.
       Link:
         C:\Program Files (x86)\Microsoft Visual Studio 10.0\VC\bin\link.exe /ERRORREPORT:PROMPT /OUT:"C:\Users\PasterzM\Desktop\C++\SFML\Debug\SFML.exe" /INCREMENTAL /NOLOGO /LIBPATH:"C:\SFML-2.2\lib" "sfml-graphics-d.lib" "sfml-window-d.lib" "sfml-system-d.lib" kernel32.lib user32.lib gdi32.lib winspool.lib comdlg32.lib advapi32.lib shell32.lib ole32.lib oleaut32.lib uuid.lib odbc32.lib odbccp32.lib /MANIFEST /ManifestFile:"Debug\SFML.exe.intermediate.manifest" /MANIFESTUAC:"level='asInvoker' uiAccess='false'" /DEBUG /PDB:"C:\Users\PasterzM\Desktop\C++\SFML\Debug\SFML.pdb" /SUBSYSTEM:CONSOLE /TLBID:1 /DYNAMICBASE /NXCOMPAT /IMPLIB:"C:\Users\PasterzM\Desktop\C++\SFML\Debug\SFML.lib" /MACHINE:X86 Debug\SFML.exe.embed.manifest.res
         Debug\Engine.obj
         Debug\Game.obj
         Debug\main_source.obj
         Debug\Player.obj
       Manifest:
         C:\Program Files (x86)\Microsoft SDKs\Windows\v7.0A\bin\mt.exe /nologo /verbose /out:"Debug\SFML.exe.embed.manifest" /manifest Debug\SFML.exe.intermediate.manifest
         All outputs are up-to-date.
       LinkEmbedManifest:
         All outputs are up-to-date.
         SFML.vcxproj -> C:\Users\PasterzM\Desktop\C++\SFML\Debug\SFML.exe
       FinalizeBuildStatus:
         Deleting file "Debug\SFML.unsuccessfulbuild".
         Touching "Debug\SFML.lastbuildstate".
     1>Done Building Project "C:\Users\PasterzM\Desktop\C++\SFML\SFML\SFML.vcxproj" (build target(s)).

Build succeeded.

Time Elapsed 00:00:05.14
